<?xml version="1.0"?>
<testsuite name="HeadlessChrome 92.0.4515 (Linux 0.0.0)" package="unit" timestamp="2022-08-02T20:33:20" id="0" hostname="workspace1m0hstqj46sh42g1.ws-5f4794fc97-lxqsj" tests="10" errors="0" failures="4" time="0.431">
  <properties>
    <property name="browser.fullName" value="Mozilla/5.0 (X11; Linux x86_64) AppleWebKit/537.36 (KHTML, like Gecko) HeadlessChrome/92.0.4515.107 Safari/537.36"/>
  </properties>
  <testcase name="KanbanBoard For a task in stage 4, can be moved backward till stage 0 and check for icons are enabled/disabled correctly" time="0.097" classname=".KanbanBoard">
    <failure type="">Error: Expected false to equal true.
    at &lt;Jasmine&gt;
    at http://localhost:9876/_karma_webpack_/src/app/kanbanBoard/kanbanBoard.component.spec.ts:223:50
    at &lt;Jasmine&gt;
    at fulfilled (http://localhost:9876/_karma_webpack_/node_modules/tslib/tslib.es6.js:71:42)
</failure>
  </testcase>
  <testcase name="KanbanBoard For a task in stage 0, backward icon is disabled and forward icon is enabled" time="0.023" classname=".KanbanBoard">
    <failure type="">Error: Expected false to equal true.
    at &lt;Jasmine&gt;
    at http://localhost:9876/_karma_webpack_/src/app/kanbanBoard/kanbanBoard.component.spec.ts:96:50
    at &lt;Jasmine&gt;
    at fulfilled (http://localhost:9876/_karma_webpack_/node_modules/tslib/tslib.es6.js:71:42)
</failure>
  </testcase>
  <testcase name="KanbanBoard For a task in stage 0, can be moved forward till stage 4 and check for icons are enabled/disabled correctly" time="0.026" classname=".KanbanBoard">
    <failure type="">Error: Expected false to equal true.
    at &lt;Jasmine&gt;
    at http://localhost:9876/_karma_webpack_/src/app/kanbanBoard/kanbanBoard.component.spec.ts:169:53
    at &lt;Jasmine&gt;
    at fulfilled (http://localhost:9876/_karma_webpack_/node_modules/tslib/tslib.es6.js:71:42)
</failure>
  </testcase>
  <testcase name="KanbanBoard Clicking on delete should delete the task in stage 2" time="0.029" classname=".KanbanBoard"/>
  <testcase name="KanbanBoard Clicking on delete should delete the task in stage 3" time="0.028" classname=".KanbanBoard"/>
  <testcase name="KanbanBoard after many forward and back operations, tasks are in correct state" time="0.122" classname=".KanbanBoard"/>
  <testcase name="KanbanBoard Clicking on delete should delete the task in stage 0" time="0.039" classname=".KanbanBoard"/>
  <testcase name="KanbanBoard tasks are in correct state after multiple move and deletions" time="0.033" classname=".KanbanBoard"/>
  <testcase name="KanbanBoard Clicking on delete should delete the task in stage 1" time="0.017" classname=".KanbanBoard"/>
  <testcase name="KanbanBoard Clicking on Create Task Button should add it to first stage and do nothing if input is empty" time="0.017" classname=".KanbanBoard">
    <failure type="">Error: Expected 'task 1' to be falsy.
    at &lt;Jasmine&gt;
    at http://localhost:9876/_karma_webpack_/src/app/kanbanBoard/kanbanBoard.component.spec.ts:77:28
    at &lt;Jasmine&gt;
    at fulfilled (http://localhost:9876/_karma_webpack_/node_modules/tslib/tslib.es6.js:71:42)
</failure>
  </testcase>
  <system-out>
    <![CDATA[HeadlessChrome 92.0.4515 (Linux 0.0.0) LOG: 'task 1'
,HeadlessChrome 92.0.4515 (Linux 0.0.0) LOG: 'task 1'
,HeadlessChrome 92.0.4515 (Linux 0.0.0) LOG: 'task 1'
,HeadlessChrome 92.0.4515 (Linux 0.0.0) LOG: 'task 1'
,HeadlessChrome 92.0.4515 (Linux 0.0.0) LOG: 'task 1'
,HeadlessChrome 92.0.4515 (Linux 0.0.0) LOG: 'task 1'
,HeadlessChrome 92.0.4515 (Linux 0.0.0) LOG: 'task 1'
,HeadlessChrome 92.0.4515 (Linux 0.0.0) LOG: 'task 1'
,HeadlessChrome 92.0.4515 (Linux 0.0.0) LOG: 'task 1'
,HeadlessChrome 92.0.4515 (Linux 0.0.0) LOG: 'task 1'
,HeadlessChrome 92.0.4515 (Linux 0.0.0) LOG: 'task 1'
,HeadlessChrome 92.0.4515 (Linux 0.0.0) LOG: 'task 1'
,HeadlessChrome 92.0.4515 (Linux 0.0.0) LOG: 'task 1'
,HeadlessChrome 92.0.4515 (Linux 0.0.0) LOG: 'task 1'
,HeadlessChrome 92.0.4515 (Linux 0.0.0) LOG: 'task 1'
,HeadlessChrome 92.0.4515 (Linux 0.0.0) LOG: 'task 1'
,HeadlessChrome 92.0.4515 (Linux 0.0.0) LOG: 'task 3'
,HeadlessChrome 92.0.4515 (Linux 0.0.0) LOG: 'task 4'
,HeadlessChrome 92.0.4515 (Linux 0.0.0) LOG: 'task 5'
,HeadlessChrome 92.0.4515 (Linux 0.0.0) LOG: 'task 5'
,HeadlessChrome 92.0.4515 (Linux 0.0.0) LOG: 'task 6'
,HeadlessChrome 92.0.4515 (Linux 0.0.0) LOG: 'task 6'
,HeadlessChrome 92.0.4515 (Linux 0.0.0) LOG: 'task 7'
,HeadlessChrome 92.0.4515 (Linux 0.0.0) LOG: 'task 7'
,HeadlessChrome 92.0.4515 (Linux 0.0.0) LOG: 'task 7'
,HeadlessChrome 92.0.4515 (Linux 0.0.0) LOG: 'task 8'
,HeadlessChrome 92.0.4515 (Linux 0.0.0) LOG: 'task 8'
,HeadlessChrome 92.0.4515 (Linux 0.0.0) LOG: 'task 8'
,HeadlessChrome 92.0.4515 (Linux 0.0.0) LOG: 'task 1'
,HeadlessChrome 92.0.4515 (Linux 0.0.0) LOG: 'task 1'
,HeadlessChrome 92.0.4515 (Linux 0.0.0) LOG: 'task 2'
,HeadlessChrome 92.0.4515 (Linux 0.0.0) LOG: 'task 2'
,HeadlessChrome 92.0.4515 (Linux 0.0.0) LOG: 'task 1'
,HeadlessChrome 92.0.4515 (Linux 0.0.0) LOG: 'task 1'
,HeadlessChrome 92.0.4515 (Linux 0.0.0) LOG: 'task 1'

]]>
  </system-out>
  <system-err/>
</testsuite>